<?xml version="1.0" encoding="UTF-8"?>
<testng-results skipped="0" failed="0" total="1" passed="1">
  <reporter-output>
  </reporter-output>
  <suite name="Default suite" duration-ms="3999" started-at="2019-09-06T16:05:51Z" finished-at="2019-09-06T16:05:55Z">
    <groups>
    </groups>
    <test name="Default test" duration-ms="3999" started-at="2019-09-06T16:05:51Z" finished-at="2019-09-06T16:05:55Z">
      <class name="com.qa.rest.test.GetCallBDD">
        <test-method status="PASS" signature="test_numberOfCircuitsFor2017_Season()[pri:0, instance:com.qa.rest.test.GetCallBDD@ccc75f6d]" name="test_numberOfCircuitsFor2017_Season" duration-ms="3968" started-at="2019-09-06T21:35:51Z" finished-at="2019-09-06T21:35:55Z">
          <reporter-output>
          </reporter-output>
        </test-method> <!-- test_numberOfCircuitsFor2017_Season -->
      </class> <!-- com.qa.rest.test.GetCallBDD -->
    </test> <!-- Default test -->
  </suite> <!-- Default suite -->
</testng-results>
